[2019-09-16 17:45:47][ERROR] SQLSTATE[23000]: Integrity constraint violation: 1062 Duplicate entry '2' for key 'PRIMARY' in file /var/www/SwooleGameServer/vendor/catfan/medoo/src/Medoo.php at line 363
#0 /var/www/SwooleGameServer/vendor/catfan/medoo/src/Medoo.php(363): PDOStatement->execute()
#1 /var/www/SwooleGameServer/vendor/catfan/medoo/src/Medoo.php(1339): Medoo\Medoo->exec('INSERT INTO "us...', Array)
#2 /var/www/SwooleGameServer/app/http/controller/Index.php(36): Medoo\Medoo->insert('user', Array)
#3 /var/www/SwooleGameServer/vendor/catfan/medoo/src/Medoo.php(1605): app\http\controller\Index->app\http\controller\{closure}(Object(Medoo\Medoo))
#4 [internal function]: Medoo\Medoo->action(Object(Closure))
#5 /var/www/SwooleGameServer/utility/library/Db.php(62): call_user_func_array(Array, Array)
#6 /var/www/SwooleGameServer/utility/library/Db.php(45): gs\Db->callDbMethod('action', Array)
#7 /var/www/SwooleGameServer/app/http/controller/Index.php(46): gs\Db->__call('action', Array)
#8 [internal function]: app\http\controller\Index->testTransaction()
#9 /var/www/SwooleGameServer/utility/library/Dispatcher.php(84): call_user_func_array(Array, Array)
#10 /var/www/SwooleGameServer/utility/library/console/command/Start.php(194): gs\Dispatcher->dispatch(Object(gs\http\Request), Object(gs\http\Response))
#11 {main}
[2019-09-16 17:45:47][ERROR] SQLSTATE[23000]: Integrity constraint violation: 1062 Duplicate entry '2' for key 'PRIMARY' in file /var/www/SwooleGameServer/vendor/catfan/medoo/src/Medoo.php at line 363
#0 /var/www/SwooleGameServer/vendor/catfan/medoo/src/Medoo.php(363): PDOStatement->execute()
#1 /var/www/SwooleGameServer/vendor/catfan/medoo/src/Medoo.php(1339): Medoo\Medoo->exec('INSERT INTO "us...', Array)
#2 /var/www/SwooleGameServer/app/http/controller/Index.php(36): Medoo\Medoo->insert('user', Array)
#3 /var/www/SwooleGameServer/vendor/catfan/medoo/src/Medoo.php(1605): app\http\controller\Index->app\http\controller\{closure}(Object(Medoo\Medoo))
#4 [internal function]: Medoo\Medoo->action(Object(Closure))
#5 /var/www/SwooleGameServer/utility/library/Db.php(62): call_user_func_array(Array, Array)
#6 /var/www/SwooleGameServer/utility/library/Db.php(45): gs\Db->callDbMethod('action', Array)
#7 /var/www/SwooleGameServer/app/http/controller/Index.php(46): gs\Db->__call('action', Array)
#8 [internal function]: app\http\controller\Index->testTransaction()
#9 /var/www/SwooleGameServer/utility/library/Dispatcher.php(84): call_user_func_array(Array, Array)
#10 /var/www/SwooleGameServer/utility/library/console/command/Start.php(194): gs\Dispatcher->dispatch(Object(gs\http\Request), Object(gs\http\Response))
#11 {main}
[2019-09-16 17:45:48][ERROR] SQLSTATE[23000]: Integrity constraint violation: 1062 Duplicate entry '2' for key 'PRIMARY' in file /var/www/SwooleGameServer/vendor/catfan/medoo/src/Medoo.php at line 363
#0 /var/www/SwooleGameServer/vendor/catfan/medoo/src/Medoo.php(363): PDOStatement->execute()
#1 /var/www/SwooleGameServer/vendor/catfan/medoo/src/Medoo.php(1339): Medoo\Medoo->exec('INSERT INTO "us...', Array)
#2 /var/www/SwooleGameServer/app/http/controller/Index.php(36): Medoo\Medoo->insert('user', Array)
#3 /var/www/SwooleGameServer/vendor/catfan/medoo/src/Medoo.php(1605): app\http\controller\Index->app\http\controller\{closure}(Object(Medoo\Medoo))
#4 [internal function]: Medoo\Medoo->action(Object(Closure))
#5 /var/www/SwooleGameServer/utility/library/Db.php(62): call_user_func_array(Array, Array)
#6 /var/www/SwooleGameServer/utility/library/Db.php(45): gs\Db->callDbMethod('action', Array)
#7 /var/www/SwooleGameServer/app/http/controller/Index.php(46): gs\Db->__call('action', Array)
#8 [internal function]: app\http\controller\Index->testTransaction()
#9 /var/www/SwooleGameServer/utility/library/Dispatcher.php(84): call_user_func_array(Array, Array)
#10 /var/www/SwooleGameServer/utility/library/console/command/Start.php(194): gs\Dispatcher->dispatch(Object(gs\http\Request), Object(gs\http\Response))
#11 {main}
[2019-09-16 17:45:48][ERROR] SQLSTATE[23000]: Integrity constraint violation: 1062 Duplicate entry '2' for key 'PRIMARY' in file /var/www/SwooleGameServer/vendor/catfan/medoo/src/Medoo.php at line 363
#0 /var/www/SwooleGameServer/vendor/catfan/medoo/src/Medoo.php(363): PDOStatement->execute()
#1 /var/www/SwooleGameServer/vendor/catfan/medoo/src/Medoo.php(1339): Medoo\Medoo->exec('INSERT INTO "us...', Array)
#2 /var/www/SwooleGameServer/app/http/controller/Index.php(36): Medoo\Medoo->insert('user', Array)
#3 /var/www/SwooleGameServer/vendor/catfan/medoo/src/Medoo.php(1605): app\http\controller\Index->app\http\controller\{closure}(Object(Medoo\Medoo))
#4 [internal function]: Medoo\Medoo->action(Object(Closure))
#5 /var/www/SwooleGameServer/utility/library/Db.php(62): call_user_func_array(Array, Array)
#6 /var/www/SwooleGameServer/utility/library/Db.php(45): gs\Db->callDbMethod('action', Array)
#7 /var/www/SwooleGameServer/app/http/controller/Index.php(46): gs\Db->__call('action', Array)
#8 [internal function]: app\http\controller\Index->testTransaction()
#9 /var/www/SwooleGameServer/utility/library/Dispatcher.php(84): call_user_func_array(Array, Array)
#10 /var/www/SwooleGameServer/utility/library/console/command/Start.php(194): gs\Dispatcher->dispatch(Object(gs\http\Request), Object(gs\http\Response))
#11 {main}
[2019-09-16 17:45:48][ERROR] SQLSTATE[23000]: Integrity constraint violation: 1062 Duplicate entry '2' for key 'PRIMARY' in file /var/www/SwooleGameServer/vendor/catfan/medoo/src/Medoo.php at line 363
#0 /var/www/SwooleGameServer/vendor/catfan/medoo/src/Medoo.php(363): PDOStatement->execute()
#1 /var/www/SwooleGameServer/vendor/catfan/medoo/src/Medoo.php(1339): Medoo\Medoo->exec('INSERT INTO "us...', Array)
#2 /var/www/SwooleGameServer/app/http/controller/Index.php(36): Medoo\Medoo->insert('user', Array)
#3 /var/www/SwooleGameServer/vendor/catfan/medoo/src/Medoo.php(1605): app\http\controller\Index->app\http\controller\{closure}(Object(Medoo\Medoo))
#4 [internal function]: Medoo\Medoo->action(Object(Closure))
#5 /var/www/SwooleGameServer/utility/library/Db.php(62): call_user_func_array(Array, Array)
#6 /var/www/SwooleGameServer/utility/library/Db.php(45): gs\Db->callDbMethod('action', Array)
#7 /var/www/SwooleGameServer/app/http/controller/Index.php(46): gs\Db->__call('action', Array)
#8 [internal function]: app\http\controller\Index->testTransaction()
#9 /var/www/SwooleGameServer/utility/library/Dispatcher.php(84): call_user_func_array(Array, Array)
#10 /var/www/SwooleGameServer/utility/library/console/command/Start.php(194): gs\Dispatcher->dispatch(Object(gs\http\Request), Object(gs\http\Response))
#11 {main}
[2019-09-16 17:45:49][ERROR] SQLSTATE[23000]: Integrity constraint violation: 1062 Duplicate entry '2' for key 'PRIMARY' in file /var/www/SwooleGameServer/vendor/catfan/medoo/src/Medoo.php at line 363
#0 /var/www/SwooleGameServer/vendor/catfan/medoo/src/Medoo.php(363): PDOStatement->execute()
#1 /var/www/SwooleGameServer/vendor/catfan/medoo/src/Medoo.php(1339): Medoo\Medoo->exec('INSERT INTO "us...', Array)
#2 /var/www/SwooleGameServer/app/http/controller/Index.php(36): Medoo\Medoo->insert('user', Array)
#3 /var/www/SwooleGameServer/vendor/catfan/medoo/src/Medoo.php(1605): app\http\controller\Index->app\http\controller\{closure}(Object(Medoo\Medoo))
#4 [internal function]: Medoo\Medoo->action(Object(Closure))
#5 /var/www/SwooleGameServer/utility/library/Db.php(62): call_user_func_array(Array, Array)
#6 /var/www/SwooleGameServer/utility/library/Db.php(45): gs\Db->callDbMethod('action', Array)
#7 /var/www/SwooleGameServer/app/http/controller/Index.php(46): gs\Db->__call('action', Array)
#8 [internal function]: app\http\controller\Index->testTransaction()
#9 /var/www/SwooleGameServer/utility/library/Dispatcher.php(84): call_user_func_array(Array, Array)
#10 /var/www/SwooleGameServer/utility/library/console/command/Start.php(194): gs\Dispatcher->dispatch(Object(gs\http\Request), Object(gs\http\Response))
#11 {main}
[2019-09-16 17:45:49][ERROR] SQLSTATE[23000]: Integrity constraint violation: 1062 Duplicate entry '2' for key 'PRIMARY' in file /var/www/SwooleGameServer/vendor/catfan/medoo/src/Medoo.php at line 363
#0 /var/www/SwooleGameServer/vendor/catfan/medoo/src/Medoo.php(363): PDOStatement->execute()
#1 /var/www/SwooleGameServer/vendor/catfan/medoo/src/Medoo.php(1339): Medoo\Medoo->exec('INSERT INTO "us...', Array)
#2 /var/www/SwooleGameServer/app/http/controller/Index.php(36): Medoo\Medoo->insert('user', Array)
#3 /var/www/SwooleGameServer/vendor/catfan/medoo/src/Medoo.php(1605): app\http\controller\Index->app\http\controller\{closure}(Object(Medoo\Medoo))
#4 [internal function]: Medoo\Medoo->action(Object(Closure))
#5 /var/www/SwooleGameServer/utility/library/Db.php(62): call_user_func_array(Array, Array)
#6 /var/www/SwooleGameServer/utility/library/Db.php(45): gs\Db->callDbMethod('action', Array)
#7 /var/www/SwooleGameServer/app/http/controller/Index.php(46): gs\Db->__call('action', Array)
#8 [internal function]: app\http\controller\Index->testTransaction()
#9 /var/www/SwooleGameServer/utility/library/Dispatcher.php(84): call_user_func_array(Array, Array)
#10 /var/www/SwooleGameServer/utility/library/console/command/Start.php(194): gs\Dispatcher->dispatch(Object(gs\http\Request), Object(gs\http\Response))
#11 {main}
[2019-09-16 17:45:49][ERROR] SQLSTATE[23000]: Integrity constraint violation: 1062 Duplicate entry '2' for key 'PRIMARY' in file /var/www/SwooleGameServer/vendor/catfan/medoo/src/Medoo.php at line 363
#0 /var/www/SwooleGameServer/vendor/catfan/medoo/src/Medoo.php(363): PDOStatement->execute()
#1 /var/www/SwooleGameServer/vendor/catfan/medoo/src/Medoo.php(1339): Medoo\Medoo->exec('INSERT INTO "us...', Array)
#2 /var/www/SwooleGameServer/app/http/controller/Index.php(36): Medoo\Medoo->insert('user', Array)
#3 /var/www/SwooleGameServer/vendor/catfan/medoo/src/Medoo.php(1605): app\http\controller\Index->app\http\controller\{closure}(Object(Medoo\Medoo))
#4 [internal function]: Medoo\Medoo->action(Object(Closure))
#5 /var/www/SwooleGameServer/utility/library/Db.php(62): call_user_func_array(Array, Array)
#6 /var/www/SwooleGameServer/utility/library/Db.php(45): gs\Db->callDbMethod('action', Array)
#7 /var/www/SwooleGameServer/app/http/controller/Index.php(46): gs\Db->__call('action', Array)
#8 [internal function]: app\http\controller\Index->testTransaction()
#9 /var/www/SwooleGameServer/utility/library/Dispatcher.php(84): call_user_func_array(Array, Array)
#10 /var/www/SwooleGameServer/utility/library/console/command/Start.php(194): gs\Dispatcher->dispatch(Object(gs\http\Request), Object(gs\http\Response))
#11 {main}
[2019-09-16 17:45:57][ERROR] Cannot use object of type Medoo\Raw as array in file /var/www/SwooleGameServer/vendor/catfan/medoo/src/Medoo.php at line 1453
#0 /var/www/SwooleGameServer/app/http/controller/Index.php(66): Medoo\Medoo->get('user', '*', Object(Medoo\Raw))
#1 /var/www/SwooleGameServer/vendor/catfan/medoo/src/Medoo.php(1605): app\http\controller\Index->app\http\controller\{closure}(Object(Medoo\Medoo))
#2 [internal function]: Medoo\Medoo->action(Object(Closure))
#3 /var/www/SwooleGameServer/utility/library/Db.php(62): call_user_func_array(Array, Array)
#4 /var/www/SwooleGameServer/utility/library/Db.php(45): gs\Db->callDbMethod('action', Array)
#5 /var/www/SwooleGameServer/app/http/controller/Index.php(72): gs\Db->__call('action', Array)
#6 [internal function]: app\http\controller\Index->testSelectForUpdate()
#7 /var/www/SwooleGameServer/utility/library/Dispatcher.php(84): call_user_func_array(Array, Array)
#8 /var/www/SwooleGameServer/utility/library/console/command/Start.php(194): gs\Dispatcher->dispatch(Object(gs\http\Request), Object(gs\http\Response))
#9 {main}
[2019-09-16 17:45:57][ERROR] There is already an active transaction in file /var/www/SwooleGameServer/vendor/catfan/medoo/src/Medoo.php at line 1602
#0 /var/www/SwooleGameServer/vendor/catfan/medoo/src/Medoo.php(1602): PDO->beginTransaction()
#1 [internal function]: Medoo\Medoo->action(Object(Closure))
#2 /var/www/SwooleGameServer/utility/library/Db.php(62): call_user_func_array(Array, Array)
#3 /var/www/SwooleGameServer/utility/library/Db.php(45): gs\Db->callDbMethod('action', Array)
#4 /var/www/SwooleGameServer/app/http/controller/Index.php(72): gs\Db->__call('action', Array)
#5 [internal function]: app\http\controller\Index->testSelectForUpdate()
#6 /var/www/SwooleGameServer/utility/library/Dispatcher.php(84): call_user_func_array(Array, Array)
#7 /var/www/SwooleGameServer/utility/library/console/command/Start.php(194): gs\Dispatcher->dispatch(Object(gs\http\Request), Object(gs\http\Response))
#8 {main}
[2019-09-16 17:45:58][ERROR] There is already an active transaction in file /var/www/SwooleGameServer/vendor/catfan/medoo/src/Medoo.php at line 1602
#0 /var/www/SwooleGameServer/vendor/catfan/medoo/src/Medoo.php(1602): PDO->beginTransaction()
#1 [internal function]: Medoo\Medoo->action(Object(Closure))
#2 /var/www/SwooleGameServer/utility/library/Db.php(62): call_user_func_array(Array, Array)
#3 /var/www/SwooleGameServer/utility/library/Db.php(45): gs\Db->callDbMethod('action', Array)
#4 /var/www/SwooleGameServer/app/http/controller/Index.php(72): gs\Db->__call('action', Array)
#5 [internal function]: app\http\controller\Index->testSelectForUpdate()
#6 /var/www/SwooleGameServer/utility/library/Dispatcher.php(84): call_user_func_array(Array, Array)
#7 /var/www/SwooleGameServer/utility/library/console/command/Start.php(194): gs\Dispatcher->dispatch(Object(gs\http\Request), Object(gs\http\Response))
#8 {main}
[2019-09-16 17:45:58][ERROR] There is already an active transaction in file /var/www/SwooleGameServer/vendor/catfan/medoo/src/Medoo.php at line 1602
#0 /var/www/SwooleGameServer/vendor/catfan/medoo/src/Medoo.php(1602): PDO->beginTransaction()
#1 [internal function]: Medoo\Medoo->action(Object(Closure))
#2 /var/www/SwooleGameServer/utility/library/Db.php(62): call_user_func_array(Array, Array)
#3 /var/www/SwooleGameServer/utility/library/Db.php(45): gs\Db->callDbMethod('action', Array)
#4 /var/www/SwooleGameServer/app/http/controller/Index.php(72): gs\Db->__call('action', Array)
#5 [internal function]: app\http\controller\Index->testSelectForUpdate()
#6 /var/www/SwooleGameServer/utility/library/Dispatcher.php(84): call_user_func_array(Array, Array)
#7 /var/www/SwooleGameServer/utility/library/console/command/Start.php(194): gs\Dispatcher->dispatch(Object(gs\http\Request), Object(gs\http\Response))
#8 {main}
[2019-09-16 17:45:59][ERROR] There is already an active transaction in file /var/www/SwooleGameServer/vendor/catfan/medoo/src/Medoo.php at line 1602
#0 /var/www/SwooleGameServer/vendor/catfan/medoo/src/Medoo.php(1602): PDO->beginTransaction()
#1 [internal function]: Medoo\Medoo->action(Object(Closure))
#2 /var/www/SwooleGameServer/utility/library/Db.php(62): call_user_func_array(Array, Array)
#3 /var/www/SwooleGameServer/utility/library/Db.php(45): gs\Db->callDbMethod('action', Array)
#4 /var/www/SwooleGameServer/app/http/controller/Index.php(72): gs\Db->__call('action', Array)
#5 [internal function]: app\http\controller\Index->testSelectForUpdate()
#6 /var/www/SwooleGameServer/utility/library/Dispatcher.php(84): call_user_func_array(Array, Array)
#7 /var/www/SwooleGameServer/utility/library/console/command/Start.php(194): gs\Dispatcher->dispatch(Object(gs\http\Request), Object(gs\http\Response))
#8 {main}
[2019-09-16 17:45:59][ERROR] There is already an active transaction in file /var/www/SwooleGameServer/vendor/catfan/medoo/src/Medoo.php at line 1602
#0 /var/www/SwooleGameServer/vendor/catfan/medoo/src/Medoo.php(1602): PDO->beginTransaction()
#1 [internal function]: Medoo\Medoo->action(Object(Closure))
#2 /var/www/SwooleGameServer/utility/library/Db.php(62): call_user_func_array(Array, Array)
#3 /var/www/SwooleGameServer/utility/library/Db.php(45): gs\Db->callDbMethod('action', Array)
#4 /var/www/SwooleGameServer/app/http/controller/Index.php(72): gs\Db->__call('action', Array)
#5 [internal function]: app\http\controller\Index->testSelectForUpdate()
#6 /var/www/SwooleGameServer/utility/library/Dispatcher.php(84): call_user_func_array(Array, Array)
#7 /var/www/SwooleGameServer/utility/library/console/command/Start.php(194): gs\Dispatcher->dispatch(Object(gs\http\Request), Object(gs\http\Response))
#8 {main}
[2019-09-16 17:46:00][ERROR] There is already an active transaction in file /var/www/SwooleGameServer/vendor/catfan/medoo/src/Medoo.php at line 1602
#0 /var/www/SwooleGameServer/vendor/catfan/medoo/src/Medoo.php(1602): PDO->beginTransaction()
#1 [internal function]: Medoo\Medoo->action(Object(Closure))
#2 /var/www/SwooleGameServer/utility/library/Db.php(62): call_user_func_array(Array, Array)
#3 /var/www/SwooleGameServer/utility/library/Db.php(45): gs\Db->callDbMethod('action', Array)
#4 /var/www/SwooleGameServer/app/http/controller/Index.php(72): gs\Db->__call('action', Array)
#5 [internal function]: app\http\controller\Index->testSelectForUpdate()
#6 /var/www/SwooleGameServer/utility/library/Dispatcher.php(84): call_user_func_array(Array, Array)
#7 /var/www/SwooleGameServer/utility/library/console/command/Start.php(194): gs\Dispatcher->dispatch(Object(gs\http\Request), Object(gs\http\Response))
#8 {main}
[2019-09-16 17:46:00][ERROR] There is already an active transaction in file /var/www/SwooleGameServer/vendor/catfan/medoo/src/Medoo.php at line 1602
#0 /var/www/SwooleGameServer/vendor/catfan/medoo/src/Medoo.php(1602): PDO->beginTransaction()
#1 [internal function]: Medoo\Medoo->action(Object(Closure))
#2 /var/www/SwooleGameServer/utility/library/Db.php(62): call_user_func_array(Array, Array)
#3 /var/www/SwooleGameServer/utility/library/Db.php(45): gs\Db->callDbMethod('action', Array)
#4 /var/www/SwooleGameServer/app/http/controller/Index.php(72): gs\Db->__call('action', Array)
#5 [internal function]: app\http\controller\Index->testSelectForUpdate()
#6 /var/www/SwooleGameServer/utility/library/Dispatcher.php(84): call_user_func_array(Array, Array)
#7 /var/www/SwooleGameServer/utility/library/console/command/Start.php(194): gs\Dispatcher->dispatch(Object(gs\http\Request), Object(gs\http\Response))
#8 {main}
[2019-09-16 17:46:00][ERROR] There is already an active transaction in file /var/www/SwooleGameServer/vendor/catfan/medoo/src/Medoo.php at line 1602
#0 /var/www/SwooleGameServer/vendor/catfan/medoo/src/Medoo.php(1602): PDO->beginTransaction()
#1 [internal function]: Medoo\Medoo->action(Object(Closure))
#2 /var/www/SwooleGameServer/utility/library/Db.php(62): call_user_func_array(Array, Array)
#3 /var/www/SwooleGameServer/utility/library/Db.php(45): gs\Db->callDbMethod('action', Array)
#4 /var/www/SwooleGameServer/app/http/controller/Index.php(72): gs\Db->__call('action', Array)
#5 [internal function]: app\http\controller\Index->testSelectForUpdate()
#6 /var/www/SwooleGameServer/utility/library/Dispatcher.php(84): call_user_func_array(Array, Array)
#7 /var/www/SwooleGameServer/utility/library/console/command/Start.php(194): gs\Dispatcher->dispatch(Object(gs\http\Request), Object(gs\http\Response))
#8 {main}
[2019-09-16 17:46:00][ERROR] There is already an active transaction in file /var/www/SwooleGameServer/vendor/catfan/medoo/src/Medoo.php at line 1602
#0 /var/www/SwooleGameServer/vendor/catfan/medoo/src/Medoo.php(1602): PDO->beginTransaction()
#1 [internal function]: Medoo\Medoo->action(Object(Closure))
#2 /var/www/SwooleGameServer/utility/library/Db.php(62): call_user_func_array(Array, Array)
#3 /var/www/SwooleGameServer/utility/library/Db.php(45): gs\Db->callDbMethod('action', Array)
#4 /var/www/SwooleGameServer/app/http/controller/Index.php(72): gs\Db->__call('action', Array)
#5 [internal function]: app\http\controller\Index->testSelectForUpdate()
#6 /var/www/SwooleGameServer/utility/library/Dispatcher.php(84): call_user_func_array(Array, Array)
#7 /var/www/SwooleGameServer/utility/library/console/command/Start.php(194): gs\Dispatcher->dispatch(Object(gs\http\Request), Object(gs\http\Response))
#8 {main}
[2019-09-16 17:46:01][ERROR] There is already an active transaction in file /var/www/SwooleGameServer/vendor/catfan/medoo/src/Medoo.php at line 1602
#0 /var/www/SwooleGameServer/vendor/catfan/medoo/src/Medoo.php(1602): PDO->beginTransaction()
#1 [internal function]: Medoo\Medoo->action(Object(Closure))
#2 /var/www/SwooleGameServer/utility/library/Db.php(62): call_user_func_array(Array, Array)
#3 /var/www/SwooleGameServer/utility/library/Db.php(45): gs\Db->callDbMethod('action', Array)
#4 /var/www/SwooleGameServer/app/http/controller/Index.php(72): gs\Db->__call('action', Array)
#5 [internal function]: app\http\controller\Index->testSelectForUpdate()
#6 /var/www/SwooleGameServer/utility/library/Dispatcher.php(84): call_user_func_array(Array, Array)
#7 /var/www/SwooleGameServer/utility/library/console/command/Start.php(194): gs\Dispatcher->dispatch(Object(gs\http\Request), Object(gs\http\Response))
#8 {main}
[2019-09-16 17:46:01][ERROR] There is already an active transaction in file /var/www/SwooleGameServer/vendor/catfan/medoo/src/Medoo.php at line 1602
#0 /var/www/SwooleGameServer/vendor/catfan/medoo/src/Medoo.php(1602): PDO->beginTransaction()
#1 [internal function]: Medoo\Medoo->action(Object(Closure))
#2 /var/www/SwooleGameServer/utility/library/Db.php(62): call_user_func_array(Array, Array)
#3 /var/www/SwooleGameServer/utility/library/Db.php(45): gs\Db->callDbMethod('action', Array)
#4 /var/www/SwooleGameServer/app/http/controller/Index.php(72): gs\Db->__call('action', Array)
#5 [internal function]: app\http\controller\Index->testSelectForUpdate()
#6 /var/www/SwooleGameServer/utility/library/Dispatcher.php(84): call_user_func_array(Array, Array)
#7 /var/www/SwooleGameServer/utility/library/console/command/Start.php(194): gs\Dispatcher->dispatch(Object(gs\http\Request), Object(gs\http\Response))
#8 {main}
